[    0.000000] Linux version 4.15.0-106-generic (buildd@lcy01-amd64-016) (gcc version 7.5.0 (Ubuntu 7.5.0-3ubuntu1~18.04)) #107-Ubuntu SMP Thu Jun 4 11:27:52 UTC 2020 (Ubuntu 4.15.0-106.107-generic 4.15.18)
[    0.000000] Command line: BOOT_IMAGE=/boot/vmlinuz-4.15.0-106-generic root=LABEL=cloudimg-rootfs ro console=tty1 console=ttyS0
[    0.000000] KERNEL supported cpus:
[    0.000000]   Intel GenuineIntel
[    0.000000]   AMD AuthenticAMD
[    0.000000]   Centaur CentaurHauls
[    0.000000] x86/fpu: Supporting XSAVE feature 0x001: 'x87 floating point registers'
[    0.000000] x86/fpu: Supporting XSAVE feature 0x002: 'SSE registers'
[    0.000000] x86/fpu: Supporting XSAVE feature 0x004: 'AVX registers'
[    0.000000] x86/fpu: xstate_offset[2]:  576, xstate_sizes[2]:  256
[    0.000000] x86/fpu: Enabled xstate features 0x7, context size is 832 bytes, using 'standard' format.
[    0.000000] e820: BIOS-provided physical RAM map:
[    0.000000] BIOS-e820: [mem 0x0000000000000000-0x000000000009fbff] usable
[    0.000000] BIOS-e820: [mem 0x000000000009fc00-0x000000000009ffff] reserved
[    0.000000] BIOS-e820: [mem 0x00000000000f0000-0x00000000000fffff] reserved
[    0.000000] BIOS-e820: [mem 0x0000000000100000-0x000000003ffeffff] usable
[    0.000000] BIOS-e820: [mem 0x000000003fff0000-0x000000003fffffff] ACPI data
[    0.000000] BIOS-e820: [mem 0x00000000fec00000-0x00000000fec00fff] reserved
[    0.000000] BIOS-e820: [mem 0x00000000fee00000-0x00000000fee00fff] reserved
[    0.000000] BIOS-e820: [mem 0x00000000fffc0000-0x00000000ffffffff] reserved
[    0.000000] NX (Execute Disable) protection: active
[    0.000000] SMBIOS 2.5 present.
[    0.000000] DMI: innotek GmbH VirtualBox/VirtualBox, BIOS VirtualBox 12/01/2006
[    0.000000] Hypervisor detected: KVM
[    0.000000] e820: last_pfn = 0x3fff0 max_arch_pfn = 0x400000000
[    0.000000] MTRR: Disabled
[    0.000000] x86/PAT: MTRRs disabled, skipping PAT initialization too.
[    0.000000] CPU MTRRs all blank - virtualized system.
[    0.000000] x86/PAT: Configuration [0-7]: WB  WT  UC- UC  WB  WT  UC- UC  
[    0.000000] found SMP MP-table at [mem 0x0009fff0-0x0009ffff]
[    0.000000] Scanning 1 areas for low memory corruption
[    0.000000] RAMDISK: [mem 0x35a6b000-0x36d2cfff]
[    0.000000] ACPI: Early table checksum verification disabled
[    0.000000] ACPI: RSDP 0x00000000000E0000 000024 (v02 VBOX  )
[    0.000000] ACPI: XSDT 0x000000003FFF0030 00003C (v01 VBOX   VBOXXSDT 00000001 ASL  00000061)
[    0.000000] ACPI: FACP 0x000000003FFF00F0 0000F4 (v04 VBOX   VBOXFACP 00000001 ASL  00000061)
[    0.000000] ACPI: DSDT 0x000000003FFF0470 002325 (v02 VBOX   VBOXBIOS 00000002 INTL 20100528)
[    0.000000] ACPI: FACS 0x000000003FFF0200 000040
[    0.000000] ACPI: FACS 0x000000003FFF0200 000040
[    0.000000] ACPI: APIC 0x000000003FFF0240 00005C (v02 VBOX   VBOXAPIC 00000001 ASL  00000061)
[    0.000000] ACPI: SSDT 0x000000003FFF02A0 0001CC (v01 VBOX   VBOXCPUT 00000002 INTL 20100528)
[    0.000000] No NUMA configuration found
[    0.000000] Faking a node at [mem 0x0000000000000000-0x000000003ffeffff]
[    0.000000] NODE_DATA(0) allocated [mem 0x3ffc5000-0x3ffeffff]
[    0.000000] kvm-clock: cpu 0, msr 0:3ff44001, primary cpu clock
[    0.000000] kvm-clock: Using msrs 4b564d01 and 4b564d00
[    0.000000] kvm-clock: using sched offset of 4354062271 cycles
[    0.000000] clocksource: kvm-clock: mask: 0xffffffffffffffff max_cycles: 0x1cd42e4dffb, max_idle_ns: 881590591483 ns
[    0.000000] Zone ranges:
[    0.000000]   DMA      [mem 0x0000000000001000-0x0000000000ffffff]
[    0.000000]   DMA32    [mem 0x0000000001000000-0x000000003ffeffff]
[    0.000000]   Normal   empty
[    0.000000]   Device   empty
[    0.000000] Movable zone start for each node
[    0.000000] Early memory node ranges
[    0.000000]   node   0: [mem 0x0000000000001000-0x000000000009efff]
[    0.000000]   node   0: [mem 0x0000000000100000-0x000000003ffeffff]
[    0.000000] Reserved but unavailable: 98 pages
[    0.000000] Initmem setup node 0 [mem 0x0000000000001000-0x000000003ffeffff]
[    0.000000] ACPI: PM-Timer IO Port: 0x4008
[    0.000000] IOAPIC[0]: apic_id 2, version 32, address 0xfec00000, GSI 0-23
[    0.000000] ACPI: INT_SRC_OVR (bus 0 bus_irq 0 global_irq 2 dfl dfl)
[    0.000000] ACPI: INT_SRC_OVR (bus 0 bus_irq 9 global_irq 9 low level)
[    0.000000] Using ACPI (MADT) for SMP configuration information
[    0.000000] smpboot: Allowing 2 CPUs, 0 hotplug CPUs
[    0.000000] PM: Registered nosave memory: [mem 0x00000000-0x00000fff]
[    0.000000] PM: Registered nosave memory: [mem 0x0009f000-0x0009ffff]
[    0.000000] PM: Registered nosave memory: [mem 0x000a0000-0x000effff]
[    0.000000] PM: Registered nosave memory: [mem 0x000f0000-0x000fffff]
[    0.000000] e820: [mem 0x40000000-0xfebfffff] available for PCI devices
[    0.000000] Booting paravirtualized kernel on KVM
[    0.000000] clocksource: refined-jiffies: mask: 0xffffffff max_cycles: 0xffffffff, max_idle_ns: 7645519600211568 ns
[    0.000000] random: get_random_bytes called from start_kernel+0x99/0x4fd with crng_init=0
[    0.000000] setup_percpu: NR_CPUS:8192 nr_cpumask_bits:2 nr_cpu_ids:2 nr_node_ids:1
[    0.000000] percpu: Embedded 45 pages/cpu s147456 r8192 d28672 u1048576
[    0.000000] PV qspinlock hash table entries: 256 (order: 0, 4096 bytes)
[    0.000000] Built 1 zonelists, mobility grouping on.  Total pages: 257913
[    0.000000] Policy zone: DMA32
[    0.000000] Kernel command line: BOOT_IMAGE=/boot/vmlinuz-4.15.0-106-generic root=LABEL=cloudimg-rootfs ro console=tty1 console=ttyS0
[    0.000000] Memory: 983044K/1048120K available (12300K kernel code, 2481K rwdata, 4272K rodata, 2436K init, 2720K bss, 65076K reserved, 0K cma-reserved)
[    0.000000] SLUB: HWalign=64, Order=0-3, MinObjects=0, CPUs=2, Nodes=1
[    0.000000] Kernel/User page tables isolation: enabled
[    0.000000] ftrace: allocating 39378 entries in 154 pages
[    0.004000] Hierarchical RCU implementation.
[    0.004000] 	RCU restricting CPUs from NR_CPUS=8192 to nr_cpu_ids=2.
[    0.004000] 	Tasks RCU enabled.
[    0.004000] RCU: Adjusting geometry for rcu_fanout_leaf=16, nr_cpu_ids=2
[    0.004000] NR_IRQS: 524544, nr_irqs: 440, preallocated irqs: 16
[    0.004000] Console: colour VGA+ 80x25
[    0.004000] console [tty1] enabled
[    0.004000] console [ttyS0] enabled
[    0.004000] ACPI: Core revision 20170831
[    0.004000] ACPI: 2 ACPI AML tables successfully acquired and loaded
[    0.004000] APIC: Switch to symmetric I/O mode setup
[    0.004000] x2apic enabled
[    0.004000] Switched APIC routing to physical x2apic.
[    0.004000] ..TIMER: vector=0x30 apic1=0 pin1=2 apic2=-1 pin2=-1
[    0.004005] tsc: Detected 1392.000 MHz processor
[    0.005105] Calibrating delay loop (skipped) preset value.. 2784.00 BogoMIPS (lpj=5568000)
[    0.008004] pid_max: default: 32768 minimum: 301
[    0.009034] Security Framework initialized
[    0.009868] Yama: becoming mindful.
[    0.010645] AppArmor: AppArmor initialized
[    0.013326] Dentry cache hash table entries: 131072 (order: 8, 1048576 bytes)
[    0.016058] Inode-cache hash table entries: 65536 (order: 7, 524288 bytes)
[    0.017554] Mount-cache hash table entries: 2048 (order: 2, 16384 bytes)
[    0.019035] Mountpoint-cache hash table entries: 2048 (order: 2, 16384 bytes)
[    0.020234] Last level iTLB entries: 4KB 64, 2MB 8, 4MB 8
[    0.021383] Last level dTLB entries: 4KB 64, 2MB 0, 4MB 0, 1GB 4
[    0.022795] Spectre V1 : Mitigation: usercopy/swapgs barriers and __user pointer sanitization
[    0.024004] Spectre V2 : Mitigation: Full generic retpoline
[    0.025099] Spectre V2 : Spectre v2 / SpectreRSB mitigation: Filling RSB on context switch
[    0.028001] Speculative Store Bypass: Vulnerable
[    0.028953] SRBDS: Unknown: Dependent on hypervisor status
[    0.031059] MDS: Mitigation: Clear CPU buffers
[    0.032146] Freeing SMP alternatives memory: 36K
[    0.144119] smpboot: CPU0: Intel(R) Core(TM) i5-8257U CPU @ 1.40GHz (family: 0x6, model: 0x8e, stepping: 0xa)
[    0.148000] Performance Events: unsupported p6 CPU model 142 no PMU driver, software events only.
[    0.148043] Hierarchical SRCU implementation.
[    0.152320] NMI watchdog: Perf event create on CPU 0 failed with -2
[    0.154553] NMI watchdog: Perf NMI watchdog permanently disabled
[    0.156062] smp: Bringing up secondary CPUs ...
[    0.157324] x86: Booting SMP configuration:
[    0.158677] .... node  #0, CPUs:      #1
[    0.004000] kvm-clock: cpu 1, msr 0:3ff44041, secondary cpu clock
[    0.170574] smp: Brought up 1 node, 2 CPUs
[    0.170574] smpboot: Max logical packages: 1
[    0.172010] smpboot: Total of 2 processors activated (5568.00 BogoMIPS)
[    0.176225] devtmpfs: initialized
[    0.177353] x86/mm: Memory block size: 128MB
[    0.178955] evm: security.selinux
[    0.180006] evm: security.SMACK64
[    0.181283] evm: security.SMACK64EXEC
[    0.182082] evm: security.SMACK64TRANSMUTE
[    0.182912] evm: security.SMACK64MMAP
[    0.184004] evm: security.apparmor
[    0.184862] evm: security.ima
[    0.185575] evm: security.capability
[    0.186543] clocksource: jiffies: mask: 0xffffffff max_cycles: 0xffffffff, max_idle_ns: 7645041785100000 ns
[    0.188018] futex hash table entries: 512 (order: 3, 32768 bytes)
[    0.192024] pinctrl core: initialized pinctrl subsystem
[    0.193503] RTC time:  6:40:22, date: 06/15/20
[    0.195017] NET: Registered protocol family 16
[    0.196000] audit: initializing netlink subsys (disabled)
[    0.196043] audit: type=2000 audit(1592203228.654:1): state=initialized audit_enabled=0 res=1
[    0.200055] cpuidle: using governor ladder
[    0.201293] cpuidle: using governor menu
[    0.202883] ACPI: bus type PCI registered
[    0.204005] acpiphp: ACPI Hot Plug PCI Controller Driver version: 0.5
[    0.205861] PCI: Using configuration type 1 for base access
[    0.208899] HugeTLB registered 2.00 MiB page size, pre-allocated 0 pages
[    0.212109] ACPI: Added _OSI(Module Device)
[    0.213141] ACPI: Added _OSI(Processor Device)
[    0.214262] ACPI: Added _OSI(3.0 _SCP Extensions)
[    0.215323] ACPI: Added _OSI(Processor Aggregator Device)
[    0.216006] ACPI: Added _OSI(Linux-Dell-Video)
[    0.217024] ACPI: Added _OSI(Linux-Lenovo-NV-HDMI-Audio)
[    0.220036] ACPI: Added _OSI(Linux-HPI-Hybrid-Graphics)
[    0.221937] ACPI: Executed 1 blocks of module-level executable AML code
[    0.226185] ACPI: Interpreter enabled
[    0.227475] ACPI: (supports S0 S5)
[    0.228004] ACPI: Using IOAPIC for interrupt routing
[    0.229458] PCI: Using host bridge windows from ACPI; if necessary, use "pci=nocrs" and report a bug
[    0.232210] ACPI: Enabled 2 GPEs in block 00 to 07
[    0.240000] ACPI: PCI Root Bridge [PCI0] (domain 0000 [bus 00-ff])
[    0.240007] acpi PNP0A03:00: _OSC: OS supports [ASPM ClockPM Segments MSI]
[    0.241896] acpi PNP0A03:00: _OSC: not requesting OS control; OS requires [ExtendedConfig ASPM ClockPM MSI]
[    0.244014] acpi PNP0A03:00: fail to add MMCONFIG information, can't access extended PCI configuration space under this bridge.
[    0.248447] PCI host bridge to bus 0000:00
[    0.249262] pci_bus 0000:00: root bus resource [io  0x0000-0x0cf7 window]
[    0.250556] pci_bus 0000:00: root bus resource [io  0x0d00-0xffff window]
[    0.251996] pci_bus 0000:00: root bus resource [mem 0x000a0000-0x000bffff window]
[    0.252003] pci_bus 0000:00: root bus resource [mem 0x40000000-0xfdffffff window]
[    0.253702] pci_bus 0000:00: root bus resource [bus 00-ff]
[    0.258778] pci 0000:00:01.1: legacy IDE quirk: reg 0x10: [io  0x01f0-0x01f7]
[    0.260003] pci 0000:00:01.1: legacy IDE quirk: reg 0x14: [io  0x03f6]
[    0.261360] pci 0000:00:01.1: legacy IDE quirk: reg 0x18: [io  0x0170-0x0177]
[    0.264006] pci 0000:00:01.1: legacy IDE quirk: reg 0x1c: [io  0x0376]
[    0.281379] pci 0000:00:07.0: quirk: [io  0x4000-0x403f] claimed by PIIX4 ACPI
[    0.283756] pci 0000:00:07.0: quirk: [io  0x4100-0x410f] claimed by PIIX4 SMB
[    0.292126] ACPI: PCI Interrupt Link [LNKA] (IRQs 5 9 10 *11)
[    0.293648] ACPI: PCI Interrupt Link [LNKB] (IRQs 5 9 *10 11)
[    0.295452] ACPI: PCI Interrupt Link [LNKC] (IRQs 5 *9 10 11)
[    0.296217] ACPI: PCI Interrupt Link [LNKD] (IRQs 5 9 10 *11)
[    0.298541] SCSI subsystem initialized
[    0.300061] pci 0000:00:02.0: vgaarb: setting as boot VGA device
[    0.301733] pci 0000:00:02.0: vgaarb: VGA device added: decodes=io+mem,owns=io+mem,locks=none
[    0.304007] pci 0000:00:02.0: vgaarb: bridge control possible
[    0.305125] vgaarb: loaded
[    0.305723] ACPI: bus type USB registered
[    0.306564] usbcore: registered new interface driver usbfs
[    0.308009] usbcore: registered new interface driver hub
[    0.309059] usbcore: registered new device driver usb
[    0.310093] EDAC MC: Ver: 3.0.0
[    0.310093] PCI: Using ACPI for IRQ routing
[    0.312322] NetLabel: Initializing
[    0.313017] NetLabel:  domain hash size = 128
[    0.314018] NetLabel:  protocols = UNLABELED CIPSOv4 CALIPSO
[    0.315146] NetLabel:  unlabeled traffic allowed by default
[    0.316061] clocksource: Switched to clocksource kvm-clock
[    0.328324] VFS: Disk quotas dquot_6.6.0
[    0.329150] VFS: Dquot-cache hash table entries: 512 (order 0, 4096 bytes)
[    0.330559] AppArmor: AppArmor Filesystem Enabled
[    0.331519] pnp: PnP ACPI init
[    0.333429] pnp: PnP ACPI: found 3 devices
[    0.343057] clocksource: acpi_pm: mask: 0xffffff max_cycles: 0xffffff, max_idle_ns: 2085701024 ns
[    0.344911] NET: Registered protocol family 2
[    0.345932] TCP established hash table entries: 8192 (order: 4, 65536 bytes)
[    0.347313] TCP bind hash table entries: 8192 (order: 5, 131072 bytes)
[    0.349755] TCP: Hash tables configured (established 8192 bind 8192)
[    0.351038] UDP hash table entries: 512 (order: 2, 16384 bytes)
[    0.352506] UDP-Lite hash table entries: 512 (order: 2, 16384 bytes)
[    0.353846] NET: Registered protocol family 1
[    0.354756] pci 0000:00:00.0: Limiting direct PCI/PCI transfers
[    0.355983] pci 0000:00:01.0: Activating ISA DMA hang workarounds
[    0.357311] pci 0000:00:02.0: Video device with shadowed ROM at [mem 0x000c0000-0x000dffff]
[    0.359083] Unpacking initramfs...
[    0.663390] Freeing initrd memory: 19208K
[    0.664375] clocksource: tsc: mask: 0xffffffffffffffff max_cycles: 0x14109b0720d, max_idle_ns: 440795259878 ns
[    0.666346] platform rtc_cmos: registered platform RTC device (no PNP device found)
[    0.667902] Scanning for low memory corruption every 60 seconds
[    0.669709] Initialise system trusted keyrings
[    0.670659] Key type blacklist registered
[    0.671556] workingset: timestamp_bits=36 max_order=18 bucket_order=0
[    0.673876] zbud: loaded
[    0.675111] squashfs: version 4.0 (2009/01/31) Phillip Lougher
[    0.676577] fuse init (API version 7.26)
[    0.679214] Key type asymmetric registered
[    0.680046] Asymmetric key parser 'x509' registered
[    0.681088] Block layer SCSI generic (bsg) driver version 0.4 loaded (major 246)
[    0.682597] io scheduler noop registered
[    0.683388] io scheduler deadline registered
[    0.684437] io scheduler cfq registered (default)
[    0.685881] ACPI: AC Adapter [AC] (on-line)
[    0.686912] input: Power Button as /devices/LNXSYSTM:00/LNXPWRBN:00/input/input0
[    0.688497] ACPI: Power Button [PWRF]
[    0.689407] input: Sleep Button as /devices/LNXSYSTM:00/LNXSLPBN:00/input/input1
[    0.690870] ACPI: Sleep Button [SLPF]
[    0.692858] ACPI: Battery Slot [BAT0] (battery present)
[    0.694100] Serial: 8250/16550 driver, 32 ports, IRQ sharing enabled
[    0.716713] 00:02: ttyS0 at I/O 0x3f8 (irq = 4, base_baud = 115200) is a 16550A
[    0.720645] Linux agpgart interface v0.103
[    0.722678] loop: module loaded
[    0.723836] scsi host0: ata_piix
[    0.724718] scsi host1: ata_piix
[    0.725426] ata1: PATA max UDMA/33 cmd 0x1f0 ctl 0x3f6 bmdma 0xd000 irq 14
[    0.726885] ata2: PATA max UDMA/33 cmd 0x170 ctl 0x376 bmdma 0xd008 irq 15
[    0.728350] libphy: Fixed MDIO Bus: probed
[    0.729226] tun: Universal TUN/TAP device driver, 1.6
[    0.730729] PPP generic driver version 2.4.2
[    0.731800] ehci_hcd: USB 2.0 'Enhanced' Host Controller (EHCI) Driver
[    0.733117] ehci-pci: EHCI PCI platform driver
[    0.734039] ehci-platform: EHCI generic platform driver
[    0.735093] ohci_hcd: USB 1.1 'Open' Host Controller (OHCI) Driver
[    0.736320] ohci-pci: OHCI PCI platform driver
[    0.737219] ohci-platform: OHCI generic platform driver
[    0.738276] uhci_hcd: USB Universal Host Controller Interface driver
[    0.739604] i8042: PNP: PS/2 Controller [PNP0303:PS2K,PNP0f03:PS2M] at 0x60,0x64 irq 1,12
[    0.741686] serio: i8042 KBD port at 0x60,0x64 irq 1
[    0.742698] serio: i8042 AUX port at 0x60,0x64 irq 12
[    0.743873] mousedev: PS/2 mouse device common for all mice
[    0.745677] input: AT Translated Set 2 keyboard as /devices/platform/i8042/serio0/input/input2
[    0.747595] rtc_cmos rtc_cmos: rtc core: registered rtc_cmos as rtc0
[    0.749507] rtc_cmos rtc_cmos: alarms up to one day, 114 bytes nvram
[    0.750898] i2c /dev entries driver
[    0.751684] device-mapper: uevent: version 1.0.3
[    0.752788] device-mapper: ioctl: 4.37.0-ioctl (2017-09-20) initialised: dm-devel@redhat.com
[    0.754598] ledtrig-cpu: registered to indicate activity on CPUs
[    0.756184] NET: Registered protocol family 10
[    0.760063] Segment Routing with IPv6
[    0.760831] NET: Registered protocol family 17
[    0.761785] Key type dns_resolver registered
[    0.762788] mce: Using 0 MCE banks
[    0.763490] RAS: Correctable Errors collector initialized.
[    0.769476] sched_clock: Marking stable (769450612, 0)->(926333959, -156883347)
[    0.771626] registered taskstats version 1
[    0.772486] Loading compiled-in X.509 certificates
[    0.775671] Loaded X.509 cert 'Build time autogenerated kernel key: b1772ce3e036cbf6bf2b7e9ed9be0f8806d61091'
[    0.777672] zswap: loaded using pool lzo/zbud
[    0.781200] Key type big_key registered
[    0.781988] Key type trusted registered
[    0.784060] Key type encrypted registered
[    0.784884] AppArmor: AppArmor sha1 policy hashing enabled
[    0.785961] ima: No TPM chip found, activating TPM-bypass! (rc=-19)
[    0.787198] ima: Allocated hash algorithm: sha1
[    0.788079] evm: HMAC attrs: 0x1
[    0.789306]   Magic number: 8:892:670
[    0.790129] rtc_cmos rtc_cmos: setting system clock to 2020-06-15 06:40:23 UTC (1592203223)
[    0.791845] BIOS EDD facility v0.16 2004-Jun-25, 0 devices found
[    0.793096] EDD information not available.
[    0.913696] Freeing unused kernel image memory: 2436K
[    1.164764] Write protecting the kernel read-only data: 20480k
[    1.167793] Freeing unused kernel image memory: 2008K
[    1.169440] Freeing unused kernel image memory: 1872K
[    1.179359] x86/mm: Checked W+X mappings: passed, no W+X pages found.
[    1.181490] x86/mm: Checking user space page tables
[    1.190600] x86/mm: Checked W+X mappings: passed, no W+X pages found.
Loading, please wait...
starting version 237
[    1.251787] e1000: Intel(R) PRO/1000 Network Driver - version 7.3.21-k8-NAPI
[    1.253845] e1000: Copyright (c) 1999-2006 Intel Corporation.
[    1.258851] Fusion MPT base driver 3.04.20
[    1.260123] Copyright (c) 1999-2008 LSI Corporation
[    1.271027] Fusion MPT SPI Host driver 3.04.20
[    1.278415] AVX2 version of gcm_enc/dec engaged.
[    1.279514] AES CTR mode by8 optimization enabled
[    1.466155] input: ImExPS/2 Generic Explorer Mouse as /devices/platform/i8042/serio1/input/input4
[    1.692141] e1000 0000:00:03.0 eth0: (PCI:33MHz:32-bit) 02:08:97:ad:f6:aa
[    1.693824] e1000 0000:00:03.0 eth0: Intel(R) PRO/1000 Network Connection
[    1.696955] e1000 0000:00:03.0 enp0s3: renamed from eth0
[    1.698445] mptbase: ioc0: Initiating bringup
[    2.434280] ioc0: LSI53C1030 A0: Capabilities={Initiator}
[    4.482498] scsi host2: ioc0: LSI53C1030 A0, FwRev=00000000h, Ports=1, MaxQ=256, IRQ=20
[    6.408807] scsi 2:0:0:0: Direct-Access     VBOX     HARDDISK         1.0  PQ: 0 ANSI: 5
[    6.448315] scsi target2:0:0: Beginning Domain Validation
[    6.450399] scsi target2:0:0: Domain Validation skipping write tests
[    6.451828] scsi target2:0:0: Ending Domain Validation
[    6.453093] scsi target2:0:0: asynchronous
[    6.454313] scsi 2:0:1:0: Direct-Access     VBOX     HARDDISK         1.0  PQ: 0 ANSI: 5
[    7.219996] scsi target2:0:1: Beginning Domain Validation
[    7.229331] random: fast init done
[    7.231576] scsi target2:0:1: Domain Validation skipping write tests
[    7.233715] scsi target2:0:1: Ending Domain Validation
[    7.235080] scsi target2:0:1: asynchronous
[    7.239901] random: systemd-udevd: uninitialized urandom read (16 bytes read)
[    7.239916] sd 2:0:0:0: Attached scsi generic sg0 type 0
[    7.241513] random: systemd-udevd: uninitialized urandom read (16 bytes read)
[    7.244700] random: systemd-udevd: uninitialized urandom read (16 bytes read)
[    7.246467] sd 2:0:1:0: Attached scsi generic sg1 type 0
[    7.246485] sd 2:0:0:0: [sda] 20971520 512-byte logical blocks: (10.7 GB/10.0 GiB)
[    7.249183] sd 2:0:0:0: [sda] Write Protect is off
[    7.250229] sd 2:0:1:0: [sdb] 20480 512-byte logical blocks: (10.5 MB/10.0 MiB)
[    7.251753] sd 2:0:1:0: [sdb] Write Protect is off
[    7.252764] sd 2:0:0:0: [sda] Incomplete mode parameter data
[    7.253967] sd 2:0:0:0: [sda] Assuming drive cache: write through
[    7.255316] sd 2:0:1:0: [sdb] Incomplete mode parameter data
[    7.256540] sd 2:0:1:0: [sdb] Assuming drive cache: write through
[    7.259326]  sda: sda1
[    7.260403] sd 2:0:0:0: [sda] Attached SCSI disk
[    7.262033] sd 2:0:1:0: [sdb] Attached SCSI disk
Begin: Loading essential drivers ... [    8.656054] raid6: sse2x1   gen() 11719 MB/s
[    8.704541] raid6: sse2x1   xor()  8925 MB/s
[    8.752123] raid6: sse2x2   gen() 15024 MB/s
[    8.800444] raid6: sse2x2   xor() 10243 MB/s
[    8.848452] raid6: sse2x4   gen() 17832 MB/s
[    8.896015] raid6: sse2x4   xor() 11042 MB/s
[    8.948214] raid6: avx2x1   gen() 27520 MB/s
[    8.998168] raid6: avx2x1   xor() 17156 MB/s
[    9.044172] raid6: avx2x2   gen() 28293 MB/s
[    9.092059] raid6: avx2x2   xor() 17026 MB/s
[    9.142560] raid6: avx2x4   gen() 35552 MB/s
[    9.188047] raid6: avx2x4   xor() 20751 MB/s
[    9.188935] raid6: using algorithm avx2x4 gen() 35552 MB/s
[    9.190023] raid6: .... xor() 20751 MB/s, rmw enabled
[    9.191015] raid6: using avx2x2 recovery algorithm
[    9.193011] xor: automatically using best checksumming function   avx       
[    9.195314] async_tx: api initialized (async)
done.
Begin: Running /scripts/init-premount ... done.
Begin: Mounting root file system ... Begin: Running /scripts/local-top ... done.
Begin: Running /scripts/local-premount ... [    9.233759] Btrfs loaded, crc32c=crc32c-intel
Scanning for Btrfs filesystems
done.
Warning: fsck not present, so skipping root file system
[    9.256288] EXT4-fs (sda1): mounted filesystem with ordered data mode. Opts: (null)
done.
Begin: Running /scripts/local-bottom ... done.
Begin: Running /scripts/init-bottom ... done.
[    9.434116] ip_tables: (C) 2000-2006 Netfilter Core Team
[    9.442651] systemd[1]: systemd 237 running in system mode. (+PAM +AUDIT +SELINUX +IMA +APPARMOR +SMACK +SYSVINIT +UTMP +LIBCRYPTSETUP +GCRYPT +GNUTLS +ACL +XZ +LZ4 +SECCOMP +BLKID +ELFUTILS +KMOD -IDN2 +IDN -PCRE2 default-hierarchy=hybrid)
[    9.446855] systemd[1]: Detected virtualization oracle.
[    9.447890] systemd[1]: Detected architecture x86-64.

Welcome to [1mUbuntu 18.04.4 LTS[0m!

[    9.454497] systemd[1]: Set hostname to <ubuntu>.
[    9.459232] systemd[1]: Initializing machine ID from random generator.
[    9.460580] systemd[1]: Installed transient /etc/machine-id file.
[    9.666749] systemd[1]: Reached target User and Group Name Lookups.
[[0;32m  OK  [0m] Reached target User and Group Name Lookups.
[    9.669187] systemd[1]: Set up automount Arbitrary Executable File Formats File System Automount Point.
[[0;32m  OK  [0m] Set up automount Arbitrary Executab…rmats File System Automount Point.
[    9.673317] systemd[1]: Created slice System Slice.
[[0;32m  OK  [0m] Created slice System Slice.
[    9.675265] systemd[1]: Listening on Journal Socket.
[[0;32m  OK  [0m] Listening on Journal Socket.
         Mounting Huge Pages File System...
         Mounting POSIX Message Queue File System...
         Starting Uncomplicated firewall...
[[0;32m  OK  [0m] Listening on udev Control Socket.
[[0;32m  OK  [0m] Listening on /dev/initctl Compatibility Named Pipe.
[[0;32m  OK  [0m] Listening on Journal Audit Socket.
         Starting Set the console keyboard layout...
         Starting Remount Root and Kernel File Systems...
[[0;32m  OK  [0m] Listening on Network Service Netlink Socket.
[[0;32m  OK  [0m] Listening on LVM2 metadata daemon socket.
[[0;32m  OK  [0m] Listening on udev Kernel Socket.
         Starting udev Coldplug all Devices...
[[0;32m  OK  [0m] Listening on LVM2 poll daemon socket.
[[0;32m  OK  [0m] Reached target System Time Synchronized.
[[0;32m  OK  [0m] Listening on Device-mapper event daemon FIFOs.
         Starting Monitoring of LVM2 mirrors…ng dmeventd or progress polling...
[    9.743277] EXT4-fs (sda1): re-mounted. Opts: (null)
[[0;32m  OK  [0m] Created slice system-serial\x2dgetty.slice.
         Starting Load Kernel Modules...
         Mounting Kernel Debug File System...
[[0;32m  OK  [0m] Created slice User and Session Slice.
[[0;32m  OK  [0m] Reached target Slices.
[[0;32m  OK  [0m] Listening on Syslog Socket.
[[0;32m  OK  [0m] Listening on Journal Socket (/dev/log).
         Starting Journal Service...
         Starting Create list of required st…ce nodes for the current kernel...
[[0;32m  OK  [0m] Started Forward Password Requests to Wall Directory Watch.
[    9.811414] Loading iSCSI transport class v2.0-870.
[    9.816618] iscsi: registered transport (tcp)
[[0;32m  OK  [0m] Reached target Swap.
[[0;32m  OK  [0m] Mounted Huge Pages File System.
[    9.830166] iscsi: registered transport (iser)
[[0;32m  OK  [0m] Mounted POSIX Message Queue File System.
[[0;32m  OK  [0m] Started Uncomplicated firewall.
[[0;32m  OK  [0m] Started Remount Root and Kernel File Systems.
[[0;32m  OK  [0m] Started Load Kernel Modules.
[[0;32m  OK  [0m] Started Set the console keyboard layout.
[[0;32m  OK  [0m] Started Journal Service.
[[0;32m  OK  [0m] Mounted Kernel Debug File System.
[[0;32m  OK  [0m] Started Create list of required sta…vice nodes for the current kernel.
[[0;32m  OK  [0m] Started udev Coldplug all Devices.
[[0;32m  OK  [0m] Started LVM2 metadata daemon.
         Starting Create Static Device Nodes in /dev...
         Mounting FUSE Control File System...
         Mounting Kernel Configuration File System...
         Starting Apply Kernel Variables...
         Starting Load/Save Random Seed...
         Starting Flush Journal to Persistent Storage...
[[0;32m  OK  [0m] Started Monitoring of LVM2 mirrors,…sing dmeventd or progress polling.
[[0;32m  OK  [0m] Mounted FUSE Control File System.
[[0;32m  OK  [0m] Mounted Kernel Configuration File System.
[[0;32m  OK  [0m] Started Load/Save Random Seed.
[[0;32m  OK  [0m] Started Create Static Device Nodes in /dev.
         Starting udev Kernel Device Manager...
[[0;32m  OK  [0m] Reached target Local File Systems (Pre).
[[0;32m  OK  [0m] Reached target Local File Systems.
         Starting AppArmor initialization...
         Starting Commit a transient machine-id on disk...
         Starting Set console font and keymap...
         Starting ebtables ruleset management...
         Starting Tell Plymouth To Write Out Runtime Data...
[[0;32m  OK  [0m] Started Apply Kernel Variables.
[[0;32m  OK  [0m] Started udev Kernel Device Manager.
[[0;32m  OK  [0m] Started Dispatch Password Requests to Console Directory Watch.
[[0;32m  OK  [0m] Reached target Local Encrypted Volumes.
[[0;32m  OK  [0m] Started Flush Journal to Persistent Storage.
         Starting Create Volatile Files and Directories...
[[0;32m  OK  [0m] Started Set console font and keymap.
[[0;32m  OK  [0m] Started Tell Plymouth To Write Out Runtime Data.
[[0;32m  OK  [0m] Started Commit a transient machine-id on disk.
[[0;32m  OK  [0m] Started Create Volatile Files and Directories.
         Starting Update UTMP about System Boot/Shutdown...
[[0;32m  OK  [0m] Started Update UTMP about System Boot/Shutdown.
[[0;32m  OK  [0m] Started ebtables ruleset management.
[[0;32m  OK  [0m] Found device /dev/ttyS0.
[[0;32m  OK  [0m] Listening on Load/Save RF Kill Switch Status /dev/rfkill Watch.
[[0;32m  OK  [0m] Started AppArmor initialization.
         Starting Initial cloud-init job (pre-networking)...
[   11.842552] cloud-init[549]: Cloud-init v. 19.4-33-gbb4131a2-0ubuntu1~18.04.1 running 'init-local' at Mon, 15 Jun 2020 06:40:34 +0000. Up 11.52 seconds.
[[0;32m  OK  [0m] Started Initial cloud-init job (pre-networking).
[[0;32m  OK  [0m] Reached target Network (Pre).
         Starting Network Service...
[[0;32m  OK  [0m] Started Network Service.
         Starting Wait for Network to be Configured...
         Starting Network Name Resolution...
[[0;32m  OK  [0m] Started Network Name Resolution.
[[0;32m  OK  [0m] Reached target Host and Network Name Lookups.
[[0;32m  OK  [0m] Reached target Network.
[[0;32m  OK  [0m] Started Wait for Network to be Configured.
         Starting Initial cloud-init job (metadata service crawler)...
[   14.148581] cloud-init[666]: Cloud-init v. 19.4-33-gbb4131a2-0ubuntu1~18.04.1 running 'init' at Mon, 15 Jun 2020 06:40:36 +0000. Up 14.03 seconds.
[   14.150743] cloud-init[666]: ci-info: +++++++++++++++++++++++++++++++++++++Net device info++++++++++++++++++++++++++++++++++++++
[   14.152132] cloud-init[666]: ci-info: +--------+------+---------------------------+---------------+--------+-------------------+
[   14.154160] cloud-init[666]: ci-info: | Device |  Up  |          Address          |      Mask     | Scope  |     Hw-Address    |
[   14.155568] cloud-init[666]: ci-info: +--------+------+---------------------------+---------------+--------+-------------------+
[   14.156954] cloud-init[666]: ci-info: | enp0s3 | True |         10.0.2.15         | 255.255.255.0 | global | 02:08:97:ad:f6:aa |
[   14.158862] cloud-init[666]: ci-info: | enp0s3 | True | fe80::8:97ff:fead:f6aa/64 |       .       |  link  | 02:08:97:ad:f6:aa |
[   14.160630] cloud-init[666]: ci-info: |   lo   | True |         127.0.0.1         |   255.0.0.0   |  host  |         .         |
[   14.161948] cloud-init[666]: ci-info: |   lo   | True |          ::1/128          |       .       |  host  |         .         |
[   14.163820] cloud-init[666]: ci-info: +--------+------+---------------------------+---------------+--------+-------------------+
[   14.165751] cloud-init[666]: ci-info: ++++++++++++++++++++++++++++Route IPv4 info+++++++++++++++++++++++++++++
[   14.167399] cloud-init[666]: ci-info: +-------+-------------+----------+-----------------+-----------+-------+
[   14.169149] cloud-init[666]: ci-info: | Route | Destination | Gateway  |     Genmask     | Interface | Flags |
[   14.171524] cloud-init[666]: ci-info: +-------+-------------+----------+-----------------+-----------+-------+
[   14.174232] cloud-init[666]: ci-info: |   0   |   0.0.0.0   | 10.0.2.2 |     0.0.0.0     |   enp0s3  |   UG  |
[   14.176494] cloud-init[666]: ci-info: |   1   |   10.0.2.0  | 0.0.0.0  |  255.255.255.0  |   enp0s3  |   U   |
[   14.192464] cloud-init[666]: ci-info: |   2   |   10.0.2.2  | 0.0.0.0  | 255.255.255.255 |   enp0s3  |   UH  |
[   14.195703] cloud-init[666]: ci-info: +-------+-------------+----------+-----------------+-----------+-------+
[   14.198479] cloud-init[666]: ci-info: +++++++++++++++++++Route IPv6 info+++++++++++++++++++
[   14.200486] cloud-init[666]: ci-info: +-------+-------------+---------+-----------+-------+
[   14.212288] cloud-init[666]: ci-info: | Route | Destination | Gateway | Interface | Flags |
[   14.214670] cloud-init[666]: ci-info: +-------+-------------+---------+-----------+-------+
[   14.228390] cloud-init[666]: ci-info: |   1   |  fe80::/64  |    ::   |   enp0s3  |   U   |
[   14.231036] cloud-init[666]: ci-info: |   3   |    local    |    ::   |   enp0s3  |   U   |
[   14.233881] cloud-init[666]: ci-info: |   4   |   ff00::/8  |    ::   |   enp0s3  |   U   |
[   14.235996] cloud-init[666]: ci-info: +-------+-------------+---------+-----------+-------+
[   15.409531] cloud-init[666]: Generating public/private rsa key pair.
[   15.410482] cloud-init[666]: Your identification has been saved in /etc/ssh/ssh_host_rsa_key.
[   15.412765] cloud-init[666]: Your public key has been saved in /etc/ssh/ssh_host_rsa_key.pub.
[   15.415113] cloud-init[666]: The key fingerprint is:
[   15.416216] cloud-init[666]: SHA256:0vCoHNcv6EIDSJXTWGziPRjXIAJTwWF7jkTMMv4TQdE root@ubuntu-bionic
[   15.417812] cloud-init[666]: The key's randomart image is:
[   15.418661] cloud-init[666]: +---[RSA 2048]----+
[   15.419831] cloud-init[666]: |+*OBOoo          |
[   15.421258] cloud-init[666]: |o==O.E .         |
[   15.422306] cloud-init[666]: |o++ @ .          |
[   15.423670] cloud-init[666]: |.o.B o *         |
[   15.424809] cloud-init[666]: |  o.+ = S        |
[   15.425401] cloud-init[666]: |   +o+ o .       |
[   15.426012] cloud-init[666]: |   .+.. . .      |
[   15.426712] cloud-init[666]: |    ..   .       |
[   15.427386] cloud-init[666]: |     ..          |
[   15.428129] cloud-init[666]: +----[SHA256]-----+
[   15.428892] cloud-init[666]: Generating public/private dsa key pair.
[   15.429939] cloud-init[666]: Your identification has been saved in /etc/ssh/ssh_host_dsa_key.
[   15.431059] cloud-init[666]: Your public key has been saved in /etc/ssh/ssh_host_dsa_key.pub.
[   15.432501] cloud-init[666]: The key fingerprint is:
[   15.433175] cloud-init[666]: SHA256:5fXknDvkQTs1U8t8emRfaYdzlydbQB2p3tkZJ4ZqExY root@ubuntu-bionic
[   15.444260] cloud-init[666]: The key's randomart image is:
[   15.444845] cloud-init[666]: +---[DSA 1024]----+
[   15.445507] cloud-init[666]: |             .oo+|
[   15.446293] cloud-init[666]: |          E   o+*|
[   15.446794] cloud-init[666]: |          ....BX%|
[   15.447328] cloud-init[666]: |         oo..B+#@|
[   15.447852] cloud-init[666]: |        S..o..&.O|
[   15.448400] cloud-init[666]: |          +  + O.|
[   15.449128] cloud-init[666]: |         . .  +  |
[   15.449681] cloud-init[666]: |               . |
[   15.450310] cloud-init[666]: |                 |
[   15.450977] cloud-init[666]: +----[SHA256]-----+
[   15.461021] cloud-init[666]: Generating public/private ecdsa key pair.
[   15.461826] cloud-init[666]: Your identification has been saved in /etc/ssh/ssh_host_ecdsa_key.
[   15.462938] cloud-init[666]: Your public key has been saved in /etc/ssh/ssh_host_ecdsa_key.pub.
[   15.464008] cloud-init[666]: The key fingerprint is:
[   15.464545] cloud-init[666]: SHA256:+KOTdSyJxHkQvKTnW/6CjyiFZAFy03dma08yZhuES3U root@ubuntu-bionic
[   15.465769] cloud-init[666]: The key's randomart image is:
[   15.466566] cloud-init[666]: +---[ECDSA 256]---+
[   15.467230] cloud-init[666]: |o.o. ..+. E      |
[   15.468281] cloud-init[666]: |..... B =.       |
[   15.469304] cloud-init[666]: |   . * X .       |
[   15.470106] cloud-init[666]: |  o . B.X .      |
[   15.471186] cloud-init[666]: | o . +.*SX       |
[   15.472416] cloud-init[666]: |  . . o.* +      |
[   15.473581] cloud-init[666]: |   .   Boo       |
[   15.474588] cloud-init[666]: |  .  .=oo.       |
[   15.475568] cloud-init[666]: |   .. oo.o.      |
[   15.476779] cloud-init[666]: +----[SHA256]-----+
[   15.492428] cloud-init[666]: Generating public/private ed25519 key pair.
[   15.492496] cloud-init[666]: Your identification has been saved in /etc/ssh/ssh_host_ed25519_key.
[[0;32m  OK  [0m] Started Initial cloud-init job (metadata service crawler).
[   15.492951] cloud-init[666]: Your public key has been saved in /etc/ssh/ssh_host_ed25519_key.pub.
[   15.510452] cloud-init[666]: The key fingerprint is:
[[   15.511260] cloud-init[666]: SHA256:KUuNY1mDL/9yWLGiIPJ1ZW62nA7u4OeXl8OR1qV3Szk root@ubuntu-bionic
[   15.511401] cloud-init[666]: The key's randomart image is:
[   15.512576] cloud-init[666]: +--[ED25519 256]--+
[   15.513048] cloud-init[666]: |                 |
[   15.513086] cloud-init[666]: |       .         |
[   15.513471] cloud-init[666]: |      . o        |
[0;32m  OK  [0m] Reached target Cloud-config availability.
[   15.514225] cloud-init[666]: |       *oo.   .  |
[   15.516763] cloud-init[666]: |      O+S  = o  .|
[   15.517345] cloud-init[666]: |. . oo.*= * o .E.|
[   15.518309] cloud-init[666]: | o o.oo=.X o ...o|
[   15.519020] [cloud-init[0;32m  OK  [0m[666]: ] |  .. oo.O.*    . |Reached target System Initialization.

[[0;32m  OK  [0m[   15.522036] cloud-init[666]: |    .++o.+..     |
[   15.522389] cloud-init[666]: +----[SHA256]-----+
] Started Daily Cleanup of Temporary Directories.
[[0;32m  OK  [0m] Listening on Open-iSCSI iscsid Socket.
[[0;32m  OK  [0m] Started Discard unused blocks once a week.
[[0;32m  OK  [0m] Listening on ACPID Listen Socket.
[[0;32m  OK  [0m] Started Daily apt download activities.
[[0;32m  OK  [0m] Started ACPI Events Check.
[[0;32m  OK  [0m] Reached target Paths.
[[0;32m  OK  [0m] Listening on UUID daemon activation socket.
         Starting Socket activation for snappy daemon.
         Starting LXD - unix socket.
[[0;32m  OK  [0m] Listening on D-Bus System Message Bus Socket.
[[0;32m  OK  [0m] Started Message of the Day.
[[0;32m  OK  [0m] Started Daily apt upgrade and clean activities.
[[0;32m  OK  [0m] Reached target Timers.
[[0;32m  OK  [0m] Reached target Network is Online.
         Starting Availability of block devices...
[[0;32m  OK  [0m] Reached target Remote File Systems (Pre).
[[0;32m  OK  [0m] Reached target Remote File Systems.
[[0;32m  OK  [0m] Listening on Socket activation for snappy daemon.
[[0;32m  OK  [0m] Listening on LXD - unix socket.
[[0;32m  OK  [0m] Reached target Sockets.
[[0;32m  OK  [0m] Reached target Basic System.
         Starting Permit User Sessions...
         Starting Pollinate to seed the pseudo random number generator...
         Starting System Logging Service...
[[0;32m  OK  [0m] Started Deferred execution scheduler.
[[0;32m  OK  [0m] Started Regular background program processing daemon.
         Starting Dispatcher daemon for systemd-networkd...
         Starting LXD - container startup/shutdown...
         Starting LSB: automatic crash report generation...
         Starting Accounts Service...
         Starting Login Service...
         Starting LSB: Record successful boot for GRUB...
[[0;32m  OK  [0m] Started irqbalance daemon.
[[0;32m  OK  [0m] Started FUSE filesystem for LXC.
         Starting Snappy daemon...
         Starting Virtualbox guest utils...
[[0;32m  OK  [0m] Started D-Bus System Message Bus.
[[0;32m  OK  [0m] Started System Logging Service.
[[0;32m  OK  [0m] Started Availability of block devices.
[[0;32m  OK  [0m] Started Permit User Sessions.
[[0;32m  OK  [0m] Started Login Service.
[[0;32m  OK  [0m] Started Unattended Upgrades Shutdown.
         Starting Hold until boot process finishes up...
         Starting Terminate Plymouth Boot Screen...
[[0;32m  OK  [0m] Started Hold until boot process finishes up.
         Starting Set console scheme...
[[0;32m  OK  [0m] Started Serial Getty on ttyS0.
[[0;32m  OK  [0m] Started Terminate Plymouth Boot Screen.
[[0;32m  OK  [0m] Started Set console scheme.
[[0;32m  OK  [0m] Created slice system-getty.slice.
[[0;32m  OK  [0m] Started Getty on tty1.
[[0;32m  OK  [0m] Reached target Login Prompts.
         Starting Authorization Manager...
[[0;32m  OK  [0m] Started LSB: automatic crash report generation.
[[0;32m  OK  [0m] Started Authorization Manager.
[[0;32m  OK  [0m] Started Accounts Service.
[[0;32m  OK  [0m] Started LSB: Record successful boot for GRUB.
[[0;32m  OK  [0m] Started LXD - container startup/shutdown.
[[0;32m  OK  [0m] Started Virtualbox guest utils.
[[0;32m  OK  [0m] Started Dispatcher daemon for systemd-networkd.
[[0;32m  OK  [0m] Started Snappy daemon.
         Starting Wait until snapd is fully seeded...
[[0;32m  OK  [0m] Started Pollinate to seed the pseudo random number generator.
         Starting OpenBSD Secure Shell server...
[[0;32m  OK  [0m] Started OpenBSD Secure Shell server.
[[0;32m  OK  [0m] Created slice User Slice of vagrant.
         Starting User Manager for UID 1000...
[[0;32m  OK  [0m] Started Session 1 of user vagrant.
[[0;32m  OK  [0m] Started User Manager for UID 1000.

Ubuntu 18.04.4 LTS ubuntu-bionic ttyS0

ubuntu-bionic login: [   22.502964] cloud-init[1524]: Cloud-init v. 19.4-33-gbb4131a2-0ubuntu1~18.04.1 running 'modules:config' at Mon, 15 Jun 2020 06:40:44 +0000. Up 22.17 seconds.
ci-info: no authorized SSH keys fingerprints found for user ubuntu.
<14>Jun 15 06:40:45 ec2: 
<14>Jun 15 06:40:45 ec2: #############################################################
<14>Jun 15 06:40:45 ec2: -----BEGIN SSH HOST KEY FINGERPRINTS-----
<14>Jun 15 06:40:45 ec2: 1024 SHA256:5fXknDvkQTs1U8t8emRfaYdzlydbQB2p3tkZJ4ZqExY root@ubuntu-bionic (DSA)
<14>Jun 15 06:40:45 ec2: 256 SHA256:+KOTdSyJxHkQvKTnW/6CjyiFZAFy03dma08yZhuES3U root@ubuntu-bionic (ECDSA)
<14>Jun 15 06:40:45 ec2: 256 SHA256:KUuNY1mDL/9yWLGiIPJ1ZW62nA7u4OeXl8OR1qV3Szk root@ubuntu-bionic (ED25519)
<14>Jun 15 06:40:45 ec2: 2048 SHA256:0vCoHNcv6EIDSJXTWGziPRjXIAJTwWF7jkTMMv4TQdE root@ubuntu-bionic (RSA)
<14>Jun 15 06:40:45 ec2: -----END SSH HOST KEY FINGERPRINTS-----
<14>Jun 15 06:40:45 ec2: #############################################################
-----BEGIN SSH HOST KEY KEYS-----
ecdsa-sha2-nistp256 AAAAE2VjZHNhLXNoYTItbmlzdHAyNTYAAAAIbmlzdHAyNTYAAABBBObcvLrLJ5Eevn4ToSTV9LshoquxyVDlq783efANIEgzqfF1cugepfLgR9RxOerzlkilOmAwcueCqyjyiF/E99Y= root@ubuntu-bionic
ssh-ed25519 AAAAC3NzaC1lZDI1NTE5AAAAIBhVzsyJmWXwJCNnP6cjG5qVwWo6N5yA/iH1JYDUCcew root@ubuntu-bionic
ssh-rsa AAAAB3NzaC1yc2EAAAADAQABAAABAQDA8AUF6g5YR7YN6X1a1bcy7TUaV7k4wrYwizhGWFSeGyQ0/3G1EMuzVoMJFyRsUBPNKECLpxJM8Jz9U6EdB2AFUBowYMuhCVxg5whbAvdjuAQBApDdl5NQw94LBxlt/yfaxrs9kaoKmk6IzgE1wIlyxGcc9hrZ+mm8Py+o22B6xnyWK5WC5kElqd/S6Kr8Scn8OK8GNNrYRbrKLUP9qJLrAUwDgpmtStDSW/gLxbg9Q5qNjSzOq4jYd97bdk7fQSxEXuHpna7iev5wVPVxnVFqCJ0zzTEkEwRuXUKT13zTPY/n2zjmHww4DxjPqg6oCK01jZXtlisOvgFeT2bL6/Np root@ubuntu-bionic
-----END SSH HOST KEY KEYS-----
[   23.012138] cloud-init[1641]: Cloud-init v. 19.4-33-gbb4131a2-0ubuntu1~18.04.1 running 'modules:final' at Mon, 15 Jun 2020 06:40:45 +0000. Up 22.86 seconds.
[   23.015262] cloud-init[1641]: ci-info: no authorized SSH keys fingerprints found for user ubuntu.
[   23.016939] cloud-init[1641]: Cloud-init v. 19.4-33-gbb4131a2-0ubuntu1~18.04.1 finished at Mon, 15 Jun 2020 06:40:45 +0000. Datasource DataSourceNoCloud [seed=/dev/sdb][dsmode=net].  Up 23.00 seconds
